============================= test session starts ==============================
platform darwin -- Python 3.12.14, pytest-9.1.1, pluggy-1.6.0 -- /Users/mgea/Desktop/MAGISTER DATA SCIENCE/CLOUD COMPUTING/Tarea/saber11-api/.venv/bin/python
cachedir: .pytest_cache
rootdir: /Users/mgea/Desktop/MAGISTER DATA SCIENCE/CLOUD COMPUTING/Tarea/saber11-api
plugins: anyio-4.15.1
collecting ... collected 7 items

tests/test_api.py::test_health_reporta_modelo_cargado PASSED             [ 14%]
tests/test_api.py::test_model_info_expone_metadatos PASSED               [ 28%]
tests/test_api.py::test_predict_devuelve_prediccion_valida PASSED        [ 42%]
tests/test_api.py::test_predict_captura_la_brecha_socioeconomica PASSED  [ 57%]
tests/test_api.py::test_predict_batch_respeta_el_orden PASSED            [ 71%]
tests/test_api.py::test_entrada_invalida_devuelve_422 PASSED             [ 85%]
tests/test_api.py::test_campo_faltante_devuelve_422 PASSED               [100%]

=============================== warnings summary ===============================
.venv/lib/python3.12/site-packages/fastapi/testclient.py:1
  /Users/mgea/Desktop/MAGISTER DATA SCIENCE/CLOUD COMPUTING/Tarea/saber11-api/.venv/lib/python3.12/site-packages/fastapi/testclient.py:1: StarletteDeprecationWarning: Using `httpx` with `starlette.testclient` is deprecated; install `httpx2` instead.
    from starlette.testclient import TestClient as TestClient  # noqa

.venv/lib/python3.12/site-packages/starlette/testclient.py:53
  /Users/mgea/Desktop/MAGISTER DATA SCIENCE/CLOUD COMPUTING/Tarea/saber11-api/.venv/lib/python3.12/site-packages/starlette/testclient.py:53: DeprecationWarning: The anyio.abc.BlockingPortal alias is deprecated, use anyio.from_thread.BlockingPortal instead.
    _PortalFactoryType = Callable[[], AbstractContextManager[anyio.abc.BlockingPortal]]

-- Docs: https://docs.pytest.org/en/stable/how-to/capture-warnings.html
======================== 7 passed, 2 warnings in 0.86s =========================
